# JRE version: OpenJDK Runtime Environment (8.0_252-b09) (build 1.8.0_252-8u252-b09-1~16.04-b09)
# Java VM: OpenJDK 64-Bit Server VM (25.252-b09 mixed mode linux-amd64 compressed oops)
Heap:
 PSYoungGen      total 22016K, used 16713K [0x00000000f8000000, 0x00000000fab00000, 0x0000000100000000)
  eden space 20480K, 74% used [0x00000000f8000000,0x00000000f8ed2cb0,0x00000000f9400000)
  from space 1536K, 99% used [0x00000000f9400000,0x00000000f957f7a0,0x00000000f9580000)
  to   space 1536K, 0% used [0x00000000fa980000,0x00000000fa980000,0x00000000fab00000)
 ParOldGen       total 27648K, used 6424K [0x00000000e8000000, 0x00000000e9b00000, 0x00000000f8000000)
  object space 27648K, 23% used [0x00000000e8000000,0x00000000e86461b0,0x00000000e9b00000)
 Metaspace       used 15302K, capacity 16834K, committed 17152K, reserved 1064960K
  class space    used 1538K, capacity 1942K, committed 2048K, reserved 1048576K
GC Heap History (6 events):
Event: 0.297 GC heap before
{Heap before GC invocations=1 (full 0):
 PSYoungGen      total 11776K, used 10240K [0x00000000f8000000, 0x00000000f8d00000, 0x0000000100000000)
  eden space 10240K, 100% used [0x00000000f8000000,0x00000000f8a00000,0x00000000f8a00000)
  from space 1536K, 0% used [0x00000000f8b80000,0x00000000f8b80000,0x00000000f8d00000)
  to   space 1536K, 0% used [0x00000000f8a00000,0x00000000f8a00000,0x00000000f8b80000)
 ParOldGen       total 27648K, used 0K [0x00000000e8000000, 0x00000000e9b00000, 0x00000000f8000000)
  object space 27648K, 0% used [0x00000000e8000000,0x00000000e8000000,0x00000000e9b00000)
 Metaspace       used 6244K, capacity 6524K, committed 6656K, reserved 1056768K
  class space    used 670K, capacity 692K, committed 768K, reserved 1048576K
Event: 0.301 GC heap after
Heap after GC invocations=1 (full 0):
 PSYoungGen      total 11776K, used 1536K [0x00000000f8000000, 0x00000000f9700000, 0x0000000100000000)
  eden space 10240K, 0% used [0x00000000f8000000,0x00000000f8000000,0x00000000f8a00000)
  from space 1536K, 100% used [0x00000000f8a00000,0x00000000f8b80000,0x00000000f8b80000)
  to   space 1536K, 0% used [0x00000000f9580000,0x00000000f9580000,0x00000000f9700000)
 ParOldGen       total 27648K, used 1672K [0x00000000e8000000, 0x00000000e9b00000, 0x00000000f8000000)
  object space 27648K, 6% used [0x00000000e8000000,0x00000000e81a2010,0x00000000e9b00000)
 Metaspace       used 6244K, capacity 6524K, committed 6656K, reserved 1056768K
  class space    used 670K, capacity 692K, committed 768K, reserved 1048576K
}
Event: 0.408 GC heap before
{Heap before GC invocations=2 (full 0):
 PSYoungGen      total 11776K, used 11776K [0x00000000f8000000, 0x00000000f9700000, 0x0000000100000000)
  eden space 10240K, 100% used [0x00000000f8000000,0x00000000f8a00000,0x00000000f8a00000)
  from space 1536K, 100% used [0x00000000f8a00000,0x00000000f8b80000,0x00000000f8b80000)
  to   space 1536K, 0% used [0x00000000f9580000,0x00000000f9580000,0x00000000f9700000)
 ParOldGen       total 27648K, used 1672K [0x00000000e8000000, 0x00000000e9b00000, 0x00000000f8000000)
  object space 27648K, 6% used [0x00000000e8000000,0x00000000e81a2010,0x00000000e9b00000)
 Metaspace       used 7061K, capacity 7250K, committed 7424K, reserved 1056768K
  class space    used 745K, capacity 762K, committed 768K, reserved 1048576K
Event: 0.410 GC heap after
Heap after GC invocations=2 (full 0):
 PSYoungGen      total 22016K, used 1520K [0x00000000f8000000, 0x00000000f9700000, 0x0000000100000000)
  eden space 20480K, 0% used [0x00000000f8000000,0x00000000f8000000,0x00000000f9400000)
  from space 1536K, 98% used [0x00000000f9580000,0x00000000f96fc010,0x00000000f9700000)
  to   space 1536K, 0% used [0x00000000f9400000,0x00000000f9400000,0x00000000f9580000)
 ParOldGen       total 27648K, used 3071K [0x00000000e8000000, 0x00000000e9b00000, 0x00000000f8000000)
  object space 27648K, 11% used [0x00000000e8000000,0x00000000e82ffc48,0x00000000e9b00000)
 Metaspace       used 7061K, capacity 7250K, committed 7424K, reserved 1056768K
  class space    used 745K, capacity 762K, committed 768K, reserved 1048576K
}
Event: 0.613 GC heap before
{Heap before GC invocations=3 (full 0):
 PSYoungGen      total 22016K, used 22000K [0x00000000f8000000, 0x00000000f9700000, 0x0000000100000000)
  eden space 20480K, 100% used [0x00000000f8000000,0x00000000f9400000,0x00000000f9400000)
  from space 1536K, 98% used [0x00000000f9580000,0x00000000f96fc010,0x00000000f9700000)
  to   space 1536K, 0% used [0x00000000f9400000,0x00000000f9400000,0x00000000f9580000)
 ParOldGen       total 27648K, used 3071K [0x00000000e8000000, 0x00000000e9b00000, 0x00000000f8000000)
  object space 27648K, 11% used [0x00000000e8000000,0x00000000e82ffc48,0x00000000e9b00000)
 Metaspace       used 9964K, capacity 10572K, committed 10624K, reserved 1058816K
  class space    used 1025K, capacity 1148K, committed 1152K, reserved 1048576K
Event: 0.620 GC heap after
Heap after GC invocations=3 (full 0):
 PSYoungGen      total 22016K, used 1533K [0x00000000f8000000, 0x00000000fab00000, 0x0000000100000000)
  eden space 20480K, 0% used [0x00000000f8000000,0x00000000f8000000,0x00000000f9400000)
  from space 1536K, 99% used [0x00000000f9400000,0x00000000f957f7a0,0x00000000f9580000)
  to   space 1536K, 0% used [0x00000000fa980000,0x00000000fa980000,0x00000000fab00000)
 ParOldGen       total 27648K, used 6424K [0x00000000e8000000, 0x00000000e9b00000, 0x00000000f8000000)
  object space 27648K, 23% used [0x00000000e8000000,0x00000000e86461b0,0x00000000e9b00000)
 Metaspace       used 9964K, capacity 10572K, committed 10624K, reserved 1058816K
  class space    used 1025K, capacity 1148K, committed 1152K, reserved 1048576K
}

